Using pre-set license
Built from '2020.3/release' branch; Version is '2020.3.1f1 (77a89f25062f) revision 7841951'; Using compiler version '192528614'; Build Type 'Release'
OS: 'Windows 10 Pro Education; OS build 19042.1466; Version 2009; 64bit' Language: 'es' Physical Memory: 16296 MB
BatchMode: 1, IsHumanControllingUs: 0, StartBugReporterOnCrash: 0, Is64bit: 1, IsPro: 0

 COMMAND LINE ARGUMENTS:
C:\Program Files\Unity\Hub\Editor\2020.3.1f1\Editor\Unity.exe
-adb2
-batchMode
-noUpm
-name
AssetImportWorker0
-projectPath
C:/Users/ani/Desktop/terreno/terreno de 0/terreno-de-0-prueba/terreno recuperacion se yhabia jodido
-logFile
Logs/AssetImportWorker0.log
-srvPort
57387
Successfully changed project path to: C:/Users/ani/Desktop/terreno/terreno de 0/terreno-de-0-prueba/terreno recuperacion se yhabia jodido
C:/Users/ani/Desktop/terreno/terreno de 0/terreno-de-0-prueba/terreno recuperacion se yhabia jodido
Using Asset Import Pipeline V2.
Refreshing native plugins compatible for Editor in 29.72 ms, found 0 plugins.
Preloading 0 native plugins for Editor in 0.00 ms.
Initialize engine version: 2020.3.1f1 (77a89f25062f)
[Subsystems] Discovering subsystems at path C:/Program Files/Unity/Hub/Editor/2020.3.1f1/Editor/Data/Resources/UnitySubsystems
[Subsystems] Discovering subsystems at path C:/Users/ani/Desktop/terreno/terreno de 0/terreno-de-0-prueba/terreno recuperacion se yhabia jodido/Assets
GfxDevice: creating device client; threaded=0
Direct3D:
    Version:  Direct3D 11.0 [level 11.1]
    Renderer: NVIDIA GeForce GTX 1660 SUPER (ID=0x21c4)
    Vendor:   
    VRAM:     5991 MB
    Driver:   27.21.14.5730
Initialize mono
Mono path[0] = 'C:/Program Files/Unity/Hub/Editor/2020.3.1f1/Editor/Data/Managed'
Mono path[1] = 'C:/Program Files/Unity/Hub/Editor/2020.3.1f1/Editor/Data/MonoBleedingEdge/lib/mono/unityjit'
Mono config path = 'C:/Program Files/Unity/Hub/Editor/2020.3.1f1/Editor/Data/MonoBleedingEdge/etc'
Using monoOptions --debugger-agent=transport=dt_socket,embedding=1,server=y,suspend=n,address=127.0.0.1:56656
Begin MonoManager ReloadAssembly
Registering precompiled unity dll's ...
Register platform support module: C:/Program Files/Unity/Hub/Editor/2020.3.1f1/Editor/Data/PlaybackEngines/WindowsStandaloneSupport/UnityEditor.WindowsStandalone.Extensions.dll
Registered in 0.001425 seconds.
Native extension for WindowsStandalone target not found
Refreshing native plugins compatible for Editor in 29.22 ms, found 0 plugins.
Preloading 0 native plugins for Editor in 0.00 ms.
Invoked RoslynAnalysisRunner static constructor.
RoslynAnalysisRunner will not be running.
RoslynAnalysisRunner has terminated.
Mono: successfully reloaded assembly
- Completed reload, in  1.404 seconds
Platform modules already initialized, skipping
Registering precompiled user dll's ...
Registered in 0.000597 seconds.
Begin MonoManager ReloadAssembly
Native extension for WindowsStandalone target not found
Refreshing native plugins compatible for Editor in 30.58 ms, found 0 plugins.
Preloading 0 native plugins for Editor in 0.00 ms.
Invoked RoslynAnalysisRunner static constructor.
RoslynAnalysisRunner will not be running.
RoslynAnalysisRunner has terminated.
Mono: successfully reloaded assembly
- Completed reload, in  0.953 seconds
Platform modules already initialized, skipping
========================================================================
Worker process is ready to serve import requests
Launched and connected shader compiler UnityShaderCompiler.exe after 0.03 seconds
Refreshing native plugins compatible for Editor in 0.27 ms, found 0 plugins.
Preloading 0 native plugins for Editor in 0.00 ms.
Unloading 1599 Unused Serialized files (Serialized files now loaded: 0)
System memory in use before: 118.3 MB.
System memory in use after: 118.2 MB.

Unloading 25 unused Assets to reduce memory usage. Loaded Objects now: 2071.
Total: 1.893500 ms (FindLiveObjects: 0.162000 ms CreateObjectMapping: 0.062400 ms MarkObjects: 1.505400 ms  DeleteObjects: 0.163000 ms)

========================================================================
Received Import Request.
  path: Assets/Personajes/Hombre/HOMBRE.controller
  artifactKey: Guid(f68b0e95c4c1d66418cc39f38e2be640) Importer(815301076,1909f56bfc062723c751e8b465ee728b)
Start importing Assets/Personajes/Hombre/HOMBRE.controller using Guid(f68b0e95c4c1d66418cc39f38e2be640) Importer(815301076,1909f56bfc062723c751e8b465ee728b)  -> (artifact id: '8e00f18658113beeaf7680e8b512f78b') in 0.032436 seconds
  Import took 0.034808 seconds .

========================================================================
Received Import Request.
  Time since last request: 193.503462 seconds.
  path: Assets
  artifactKey: Guid(00000000000000001000000000000000) Importer(815301076,1909f56bfc062723c751e8b465ee728b)
Start importing Assets using Guid(00000000000000001000000000000000) Importer(815301076,1909f56bfc062723c751e8b465ee728b)  -> (artifact id: 'a6374019befeac6ce670f13ba9960efb') in 0.005853 seconds
  Import took 0.008363 seconds .

========================================================================
Received Import Request.
  Time since last request: 14.203242 seconds.
  path: Assets/input setting
  artifactKey: Guid(1d248bb146fcbc74e9148c6e3a748367) Importer(815301076,1909f56bfc062723c751e8b465ee728b)
Start importing Assets/input setting using Guid(1d248bb146fcbc74e9148c6e3a748367) Importer(815301076,1909f56bfc062723c751e8b465ee728b)  -> (artifact id: 'd25b2e260a4c84a6980ae01556517a3a') in 0.005165 seconds
  Import took 0.007508 seconds .

========================================================================
Received Import Request.
  Time since last request: 39.474155 seconds.
  path: Assets/InputSystem.inputsettings.asset
  artifactKey: Guid(7f352bdf7d4bc9241a75eba2d38de354) Importer(815301076,1909f56bfc062723c751e8b465ee728b)
Start importing Assets/InputSystem.inputsettings.asset using Guid(7f352bdf7d4bc9241a75eba2d38de354) Importer(815301076,1909f56bfc062723c751e8b465ee728b)  -> (artifact id: '8fdeaa560faa477e21e2db5506c6a99c') in 0.007155 seconds
  Import took 0.009712 seconds .

========================================================================
Received Import Request.
  Time since last request: 37.417745 seconds.
  path: Assets/imput controleer.inputactions
  artifactKey: Guid(cb12346c641070e4693c544ef906e033) Importer(815301076,1909f56bfc062723c751e8b465ee728b)
Start importing Assets/imput controleer.inputactions using Guid(cb12346c641070e4693c544ef906e033) Importer(815301076,1909f56bfc062723c751e8b465ee728b)  -> (artifact id: '9fc5d7079498666a27bb87659397a9b2') in 0.010246 seconds
  Import took 0.012665 seconds .

========================================================================
Received Import Request.
  Time since last request: 806.743999 seconds.
  path: Assets/input setting/imput controleer.inputactions
  artifactKey: Guid(cb12346c641070e4693c544ef906e033) Importer(815301076,1909f56bfc062723c751e8b465ee728b)
Start importing Assets/input setting/imput controleer.inputactions using Guid(cb12346c641070e4693c544ef906e033) Importer(815301076,1909f56bfc062723c751e8b465ee728b)  -> (artifact id: '1108003bb728ef9c4a4cd48dc18e6ab0') in 0.003307 seconds
  Import took 0.006195 seconds .

========================================================================
Received Import Request.
  Time since last request: 41.423079 seconds.
  path: Assets/input setting/imput controleer.inputactions
  artifactKey: Guid(cb12346c641070e4693c544ef906e033) Importer(815301076,1909f56bfc062723c751e8b465ee728b)
Start importing Assets/input setting/imput controleer.inputactions using Guid(cb12346c641070e4693c544ef906e033) Importer(815301076,1909f56bfc062723c751e8b465ee728b)  -> (artifact id: 'd92d294a4d954d938c80801e0a07e08e') in 0.003008 seconds
  Import took 0.005337 seconds .

========================================================================
Received Import Request.
  Time since last request: 189.342977 seconds.
  path: Assets/input setting/imput controleer.inputactions
  artifactKey: Guid(cb12346c641070e4693c544ef906e033) Importer(815301076,1909f56bfc062723c751e8b465ee728b)
Start importing Assets/input setting/imput controleer.inputactions using Guid(cb12346c641070e4693c544ef906e033) Importer(815301076,1909f56bfc062723c751e8b465ee728b)  -> (artifact id: 'f94cbb0cb7bc323510e74aefce99665f') in 0.005710 seconds
  Import took 0.008318 seconds .

========================================================================
Received Import Request.
  Time since last request: 0.001322 seconds.
  path: Assets/input setting/imput controleer.inputactions
  artifactKey: Guid(cb12346c641070e4693c544ef906e033) Importer(815301076,1909f56bfc062723c751e8b465ee728b)
Start importing Assets/input setting/imput controleer.inputactions using Guid(cb12346c641070e4693c544ef906e033) Importer(815301076,1909f56bfc062723c751e8b465ee728b)  -> (artifact id: 'f94cbb0cb7bc323510e74aefce99665f') in 0.003136 seconds
  Import took 0.005394 seconds .

========================================================================
Received Prepare
Registering precompiled user dll's ...
Registered in 0.000550 seconds.
Begin MonoManager ReloadAssembly
Native extension for WindowsStandalone target not found
Refreshing native plugins compatible for Editor in 0.43 ms, found 0 plugins.
Preloading 0 native plugins for Editor in 0.00 ms.
Invoked RoslynAnalysisRunner static constructor.
RoslynAnalysisRunner will not be running.
RoslynAnalysisRunner has terminated.
Mono: successfully reloaded assembly
- Completed reload, in  0.891 seconds
Platform modules already initialized, skipping
Refreshing native plugins compatible for Editor in 0.28 ms, found 0 plugins.
Preloading 0 native plugins for Editor in 0.00 ms.
Unloading 1558 Unused Serialized files (Serialized files now loaded: 0)
System memory in use before: 115.7 MB.
System memory in use after: 115.6 MB.

Unloading 8 unused Assets to reduce memory usage. Loaded Objects now: 2075.
Total: 1.754100 ms (FindLiveObjects: 0.159900 ms CreateObjectMapping: 0.049900 ms MarkObjects: 1.398900 ms  DeleteObjects: 0.144600 ms)

========================================================================
Received Import Request.
  Time since last request: 133.796241 seconds.
  path: Assets/Nscript
  artifactKey: Guid(fe524cf0430ad384d9dd6bef48d1fd57) Importer(815301076,1909f56bfc062723c751e8b465ee728b)
Start importing Assets/Nscript using Guid(fe524cf0430ad384d9dd6bef48d1fd57) Importer(815301076,1909f56bfc062723c751e8b465ee728b)  -> (artifact id: '852e01467d3936c540cfb1e33c895b92') in 0.007266 seconds
  Import took 0.009614 seconds .

========================================================================
Received Import Request.
  Time since last request: 0.003094 seconds.
  path: Assets/Nscript
  artifactKey: Guid(fe524cf0430ad384d9dd6bef48d1fd57) Importer(815301076,1909f56bfc062723c751e8b465ee728b)
Start importing Assets/Nscript using Guid(fe524cf0430ad384d9dd6bef48d1fd57) Importer(815301076,1909f56bfc062723c751e8b465ee728b)  -> (artifact id: '852e01467d3936c540cfb1e33c895b92') in 0.001736 seconds
  Import took 0.004027 seconds .

========================================================================
Received Import Request.
  Time since last request: 17.009021 seconds.
  path: Assets/Nscript/playercontroller.cs
  artifactKey: Guid(969d2cb8e26c7fb43836c5d641a1041d) Importer(815301076,1909f56bfc062723c751e8b465ee728b)
Start importing Assets/Nscript/playercontroller.cs using Guid(969d2cb8e26c7fb43836c5d641a1041d) Importer(815301076,1909f56bfc062723c751e8b465ee728b)  -> (artifact id: '0fae1bd3d51f35a4f30029c2c913c483') in 0.014551 seconds
  Import took 0.016818 seconds .

========================================================================
Received Prepare
Registering precompiled user dll's ...
Registered in 0.000620 seconds.
Begin MonoManager ReloadAssembly
Native extension for WindowsStandalone target not found
Refreshing native plugins compatible for Editor in 0.28 ms, found 0 plugins.
Preloading 0 native plugins for Editor in 0.00 ms.
Invoked RoslynAnalysisRunner static constructor.
RoslynAnalysisRunner will not be running.
RoslynAnalysisRunner has terminated.
Mono: successfully reloaded assembly
- Completed reload, in  0.860 seconds
Platform modules already initialized, skipping
Refreshing native plugins compatible for Editor in 0.29 ms, found 0 plugins.
Preloading 0 native plugins for Editor in 0.00 ms.
Unloading 1559 Unused Serialized files (Serialized files now loaded: 0)
System memory in use before: 115.7 MB.
System memory in use after: 115.6 MB.

Unloading 8 unused Assets to reduce memory usage. Loaded Objects now: 2079.
Total: 1.870600 ms (FindLiveObjects: 0.168900 ms CreateObjectMapping: 0.048200 ms MarkObjects: 1.496300 ms  DeleteObjects: 0.156200 ms)

AssetImportWorkerClient::OnTransportError - code=2 error=End of file
