Using pre-set license
Built from '2020.3/release' branch; Version is '2020.3.1f1 (77a89f25062f) revision 7841951'; Using compiler version '192528614'; Build Type 'Release'
OS: 'Windows 10 Pro Education; OS build 19042.1466; Version 2009; 64bit' Language: 'es' Physical Memory: 16296 MB
BatchMode: 1, IsHumanControllingUs: 0, StartBugReporterOnCrash: 0, Is64bit: 1, IsPro: 0

 COMMAND LINE ARGUMENTS:
C:\Program Files\Unity\Hub\Editor\2020.3.1f1\Editor\Unity.exe
-adb2
-batchMode
-noUpm
-name
AssetImportWorker0
-projectPath
C:/Users/ani/Desktop/terreno/terreno de 0/terreno-de-0-prueba/terreno recuperacion se yhabia jodido
-logFile
Logs/AssetImportWorker0.log
-srvPort
57664
Successfully changed project path to: C:/Users/ani/Desktop/terreno/terreno de 0/terreno-de-0-prueba/terreno recuperacion se yhabia jodido
C:/Users/ani/Desktop/terreno/terreno de 0/terreno-de-0-prueba/terreno recuperacion se yhabia jodido
Using Asset Import Pipeline V2.
Refreshing native plugins compatible for Editor in 29.41 ms, found 0 plugins.
Preloading 0 native plugins for Editor in 0.00 ms.
Initialize engine version: 2020.3.1f1 (77a89f25062f)
[Subsystems] Discovering subsystems at path C:/Program Files/Unity/Hub/Editor/2020.3.1f1/Editor/Data/Resources/UnitySubsystems
[Subsystems] Discovering subsystems at path C:/Users/ani/Desktop/terreno/terreno de 0/terreno-de-0-prueba/terreno recuperacion se yhabia jodido/Assets
GfxDevice: creating device client; threaded=0
Direct3D:
    Version:  Direct3D 11.0 [level 11.1]
    Renderer: NVIDIA GeForce GTX 1660 SUPER (ID=0x21c4)
    Vendor:   
    VRAM:     5991 MB
    Driver:   27.21.14.5730
Initialize mono
Mono path[0] = 'C:/Program Files/Unity/Hub/Editor/2020.3.1f1/Editor/Data/Managed'
Mono path[1] = 'C:/Program Files/Unity/Hub/Editor/2020.3.1f1/Editor/Data/MonoBleedingEdge/lib/mono/unityjit'
Mono config path = 'C:/Program Files/Unity/Hub/Editor/2020.3.1f1/Editor/Data/MonoBleedingEdge/etc'
Using monoOptions --debugger-agent=transport=dt_socket,embedding=1,server=y,suspend=n,address=127.0.0.1:56504
Begin MonoManager ReloadAssembly
Registering precompiled unity dll's ...
Register platform support module: C:/Program Files/Unity/Hub/Editor/2020.3.1f1/Editor/Data/PlaybackEngines/WindowsStandaloneSupport/UnityEditor.WindowsStandalone.Extensions.dll
Registered in 0.001425 seconds.
Native extension for WindowsStandalone target not found
Refreshing native plugins compatible for Editor in 29.58 ms, found 0 plugins.
Preloading 0 native plugins for Editor in 0.00 ms.
Invoked RoslynAnalysisRunner static constructor.
RoslynAnalysisRunner will not be running.
RoslynAnalysisRunner has terminated.
Mono: successfully reloaded assembly
- Completed reload, in  1.465 seconds
Platform modules already initialized, skipping
Registering precompiled user dll's ...
Registered in 0.000569 seconds.
Begin MonoManager ReloadAssembly
Native extension for WindowsStandalone target not found
Refreshing native plugins compatible for Editor in 30.73 ms, found 0 plugins.
Preloading 0 native plugins for Editor in 0.00 ms.
Invoked RoslynAnalysisRunner static constructor.
RoslynAnalysisRunner will not be running.
RoslynAnalysisRunner has terminated.
Mono: successfully reloaded assembly
- Completed reload, in  0.981 seconds
Platform modules already initialized, skipping
========================================================================
Worker process is ready to serve import requests
Launched and connected shader compiler UnityShaderCompiler.exe after 0.03 seconds
Refreshing native plugins compatible for Editor in 0.28 ms, found 0 plugins.
Preloading 0 native plugins for Editor in 0.00 ms.
Unloading 1602 Unused Serialized files (Serialized files now loaded: 0)
System memory in use before: 118.4 MB.
System memory in use after: 118.3 MB.

Unloading 25 unused Assets to reduce memory usage. Loaded Objects now: 2073.
Total: 1.829200 ms (FindLiveObjects: 0.167000 ms CreateObjectMapping: 0.045200 ms MarkObjects: 1.443700 ms  DeleteObjects: 0.172400 ms)

========================================================================
Received Import Request.
  path: Assets/Nscript/playercontroller.cs
  artifactKey: Guid(969d2cb8e26c7fb43836c5d641a1041d) Importer(815301076,1909f56bfc062723c751e8b465ee728b)
Start importing Assets/Nscript/playercontroller.cs using Guid(969d2cb8e26c7fb43836c5d641a1041d) Importer(815301076,1909f56bfc062723c751e8b465ee728b)  -> (artifact id: '0f302d3bc3434f81e7bbd5f103c13de2') in 0.020561 seconds
  Import took 0.022780 seconds .

========================================================================
Received Prepare
Registering precompiled user dll's ...
Registered in 0.000605 seconds.
Begin MonoManager ReloadAssembly
Native extension for WindowsStandalone target not found
Refreshing native plugins compatible for Editor in 0.28 ms, found 0 plugins.
Preloading 0 native plugins for Editor in 0.00 ms.
Invoked RoslynAnalysisRunner static constructor.
RoslynAnalysisRunner will not be running.
RoslynAnalysisRunner has terminated.
Mono: successfully reloaded assembly
- Completed reload, in  0.882 seconds
Platform modules already initialized, skipping
Refreshing native plugins compatible for Editor in 0.30 ms, found 0 plugins.
Preloading 0 native plugins for Editor in 0.00 ms.
Unloading 1559 Unused Serialized files (Serialized files now loaded: 0)
System memory in use before: 115.6 MB.
System memory in use after: 115.5 MB.

Unloading 8 unused Assets to reduce memory usage. Loaded Objects now: 2076.
Total: 2.173900 ms (FindLiveObjects: 0.164100 ms CreateObjectMapping: 0.051100 ms MarkObjects: 1.808600 ms  DeleteObjects: 0.149200 ms)

========================================================================
Received Import Request.
  Time since last request: 719.378069 seconds.
  path: Assets/Personajes/Hombre/Animaciones/survivor@ZoomInMoveBack.fbx
  artifactKey: Guid(ca06074de14643d41acf928bcb2bdb3c) Importer(815301076,1909f56bfc062723c751e8b465ee728b)
Start importing Assets/Personajes/Hombre/Animaciones/survivor@ZoomInMoveBack.fbx using Guid(ca06074de14643d41acf928bcb2bdb3c) Importer(815301076,1909f56bfc062723c751e8b465ee728b)  -> (artifact id: 'e34c7961d16b66b9a8cc3edfd231544b') in 0.031949 seconds
  Import took 0.034994 seconds .

========================================================================
Received Import Request.
  Time since last request: 16.923578 seconds.
  path: Assets/Personajes/Hombre/Animaciones/survivor@Idle_lookForward.fbx
  artifactKey: Guid(a2f32e2bd46e8e649aa1ae5e8c9d5b13) Importer(815301076,1909f56bfc062723c751e8b465ee728b)
Start importing Assets/Personajes/Hombre/Animaciones/survivor@Idle_lookForward.fbx using Guid(a2f32e2bd46e8e649aa1ae5e8c9d5b13) Importer(815301076,1909f56bfc062723c751e8b465ee728b)  -> (artifact id: 'bd46eb9551c3b625471a920711738634') in 0.008541 seconds
  Import took 0.011411 seconds .

========================================================================
Received Import Request.
  Time since last request: 10.335442 seconds.
  path: Assets/Personajes/Hombre/Animaciones/survivor@NormalWalk_1.fbx
  artifactKey: Guid(6f0ddfd5a92526f45a24001666eaec38) Importer(815301076,1909f56bfc062723c751e8b465ee728b)
Start importing Assets/Personajes/Hombre/Animaciones/survivor@NormalWalk_1.fbx using Guid(6f0ddfd5a92526f45a24001666eaec38) Importer(815301076,1909f56bfc062723c751e8b465ee728b)  -> (artifact id: '8eaa6a31653f56c0403c78626110c237') in 0.009004 seconds
  Import took 0.011693 seconds .

========================================================================
Received Import Request.
  Time since last request: 16.172698 seconds.
  path: Assets/Personajes/Hombre/Animaciones/survivor@strafe_left_noWeapon.fbx
  artifactKey: Guid(a72129ce3c732844282b4dd7bdb32e10) Importer(815301076,1909f56bfc062723c751e8b465ee728b)
Start importing Assets/Personajes/Hombre/Animaciones/survivor@strafe_left_noWeapon.fbx using Guid(a72129ce3c732844282b4dd7bdb32e10) Importer(815301076,1909f56bfc062723c751e8b465ee728b)  -> (artifact id: '6342eda0f29a7703c60a304bbe9d8ef1') in 0.008700 seconds
  Import took 0.011550 seconds .

========================================================================
Received Import Request.
  Time since last request: 13.772139 seconds.
  path: Assets/Personajes/Hombre/Animaciones/survivor@Idle_LookAround_1.fbx
  artifactKey: Guid(e59274fffbbd27147929a5cbc32516ee) Importer(815301076,1909f56bfc062723c751e8b465ee728b)
Start importing Assets/Personajes/Hombre/Animaciones/survivor@Idle_LookAround_1.fbx using Guid(e59274fffbbd27147929a5cbc32516ee) Importer(815301076,1909f56bfc062723c751e8b465ee728b)  -> (artifact id: '966f6561601db27cd66fb46707e57e64') in 0.008413 seconds
  Import took 0.011452 seconds .

========================================================================
Received Import Request.
  Time since last request: 8.903196 seconds.
  path: Assets/Personajes/Hombre/Animaciones/survivor@strafe_right_noWeapon.fbx
  artifactKey: Guid(87b8b799cd07a394cbd940c97cc120f3) Importer(815301076,1909f56bfc062723c751e8b465ee728b)
Start importing Assets/Personajes/Hombre/Animaciones/survivor@strafe_right_noWeapon.fbx using Guid(87b8b799cd07a394cbd940c97cc120f3) Importer(815301076,1909f56bfc062723c751e8b465ee728b)  -> (artifact id: 'e73635901268db12fa3568686b176612') in 0.008402 seconds
  Import took 0.011384 seconds .

========================================================================
Received Import Request.
  Time since last request: 117.724714 seconds.
  path: Assets/input setting/imput controleer.inputactions
  artifactKey: Guid(cb12346c641070e4693c544ef906e033) Importer(815301076,1909f56bfc062723c751e8b465ee728b)
Start importing Assets/input setting/imput controleer.inputactions using Guid(cb12346c641070e4693c544ef906e033) Importer(815301076,1909f56bfc062723c751e8b465ee728b)  -> (artifact id: '09d079cb7a96617823c3147ce935973e') in 0.010034 seconds
  Import took 0.012569 seconds .

========================================================================
Received Import Request.
  Time since last request: 39.665377 seconds.
  path: Assets/input setting/imput controleer.cs
  artifactKey: Guid(5749e88bf60bdfe4ab6f73e371c01a82) Importer(815301076,1909f56bfc062723c751e8b465ee728b)
Start importing Assets/input setting/imput controleer.cs using Guid(5749e88bf60bdfe4ab6f73e371c01a82) Importer(815301076,1909f56bfc062723c751e8b465ee728b)  -> (artifact id: '766548e9a468fe9852bbb1063656c42b') in 0.002479 seconds
  Import took 0.004795 seconds .

========================================================================
Received Import Request.
  Time since last request: 0.001754 seconds.
  path: Assets/input setting/imput controleer.cs
  artifactKey: Guid(5749e88bf60bdfe4ab6f73e371c01a82) Importer(815301076,1909f56bfc062723c751e8b465ee728b)
Start importing Assets/input setting/imput controleer.cs using Guid(5749e88bf60bdfe4ab6f73e371c01a82) Importer(815301076,1909f56bfc062723c751e8b465ee728b)  -> (artifact id: '766548e9a468fe9852bbb1063656c42b') in 0.002472 seconds
  Import took 0.004642 seconds .

========================================================================
Received Prepare
Registering precompiled user dll's ...
Registered in 0.001273 seconds.
Begin MonoManager ReloadAssembly
Native extension for WindowsStandalone target not found
Refreshing native plugins compatible for Editor in 0.28 ms, found 0 plugins.
Preloading 0 native plugins for Editor in 0.00 ms.
Invoked RoslynAnalysisRunner static constructor.
RoslynAnalysisRunner will not be running.
RoslynAnalysisRunner has terminated.
Mono: successfully reloaded assembly
- Completed reload, in  0.898 seconds
Platform modules already initialized, skipping
Refreshing native plugins compatible for Editor in 0.28 ms, found 0 plugins.
Preloading 0 native plugins for Editor in 0.00 ms.
Unloading 1559 Unused Serialized files (Serialized files now loaded: 0)
System memory in use before: 115.8 MB.
System memory in use after: 115.7 MB.

Unloading 8 unused Assets to reduce memory usage. Loaded Objects now: 2079.
Total: 1.782900 ms (FindLiveObjects: 0.157900 ms CreateObjectMapping: 0.050000 ms MarkObjects: 1.427000 ms  DeleteObjects: 0.147300 ms)

========================================================================
Received Prepare
Registering precompiled user dll's ...
Registered in 0.000570 seconds.
Begin MonoManager ReloadAssembly
Native extension for WindowsStandalone target not found
Refreshing native plugins compatible for Editor in 0.28 ms, found 0 plugins.
Preloading 0 native plugins for Editor in 0.00 ms.
Invoked RoslynAnalysisRunner static constructor.
RoslynAnalysisRunner will not be running.
RoslynAnalysisRunner has terminated.
Mono: successfully reloaded assembly
- Completed reload, in  0.898 seconds
Platform modules already initialized, skipping
Refreshing native plugins compatible for Editor in 0.28 ms, found 0 plugins.
Preloading 0 native plugins for Editor in 0.00 ms.
Unloading 1559 Unused Serialized files (Serialized files now loaded: 0)
System memory in use before: 115.8 MB.
System memory in use after: 115.7 MB.

Unloading 8 unused Assets to reduce memory usage. Loaded Objects now: 2082.
Total: 1.878200 ms (FindLiveObjects: 0.163000 ms CreateObjectMapping: 0.052000 ms MarkObjects: 1.508000 ms  DeleteObjects: 0.154500 ms)

========================================================================
Received Import Request.
  Time since last request: 414.792266 seconds.
  path: Assets/Nscript/playercontroller.cs
  artifactKey: Guid(969d2cb8e26c7fb43836c5d641a1041d) Importer(815301076,1909f56bfc062723c751e8b465ee728b)
Start importing Assets/Nscript/playercontroller.cs using Guid(969d2cb8e26c7fb43836c5d641a1041d) Importer(815301076,1909f56bfc062723c751e8b465ee728b)  -> (artifact id: '4f6c504bb1f58b7f8bcd8d42054372a4') in 0.003719 seconds
  Import took 0.005848 seconds .

========================================================================
Received Import Request.
  Time since last request: 26.030166 seconds.
  path: Assets/Personajes/Hombre/HOMBRE.controller
  artifactKey: Guid(f68b0e95c4c1d66418cc39f38e2be640) Importer(815301076,1909f56bfc062723c751e8b465ee728b)
Start importing Assets/Personajes/Hombre/HOMBRE.controller using Guid(f68b0e95c4c1d66418cc39f38e2be640) Importer(815301076,1909f56bfc062723c751e8b465ee728b)  -> (artifact id: 'ba3d366133a0ba5a0e363f03f1e1c407') in 0.012770 seconds
  Import took 0.015444 seconds .

========================================================================
Received Prepare
Registering precompiled user dll's ...
Registered in 0.000612 seconds.
Begin MonoManager ReloadAssembly
Native extension for WindowsStandalone target not found
Refreshing native plugins compatible for Editor in 0.27 ms, found 0 plugins.
Preloading 0 native plugins for Editor in 0.00 ms.
Invoked RoslynAnalysisRunner static constructor.
RoslynAnalysisRunner will not be running.
RoslynAnalysisRunner has terminated.
Mono: successfully reloaded assembly
- Completed reload, in  0.852 seconds
Platform modules already initialized, skipping
Refreshing native plugins compatible for Editor in 0.28 ms, found 0 plugins.
Preloading 0 native plugins for Editor in 0.00 ms.
Unloading 1559 Unused Serialized files (Serialized files now loaded: 0)
System memory in use before: 115.8 MB.
System memory in use after: 115.8 MB.

Unloading 8 unused Assets to reduce memory usage. Loaded Objects now: 2085.
Total: 1.778200 ms (FindLiveObjects: 0.171200 ms CreateObjectMapping: 0.053100 ms MarkObjects: 1.406500 ms  DeleteObjects: 0.146600 ms)

========================================================================
Received Import Request.
  Time since last request: 331.169118 seconds.
  path: Assets/Personajes/Hombre/Texturas
  artifactKey: Guid(156eccf0ed4976a4b971b4194df55d02) Importer(815301076,1909f56bfc062723c751e8b465ee728b)
Start importing Assets/Personajes/Hombre/Texturas using Guid(156eccf0ed4976a4b971b4194df55d02) Importer(815301076,1909f56bfc062723c751e8b465ee728b)  -> (artifact id: 'dc6228b82a3e85702dac3d42e74993c3') in 0.009935 seconds
  Import took 0.012659 seconds .

========================================================================
Received Prepare
Registering precompiled user dll's ...
Registered in 0.000550 seconds.
Begin MonoManager ReloadAssembly
Native extension for WindowsStandalone target not found
Refreshing native plugins compatible for Editor in 0.29 ms, found 0 plugins.
Preloading 0 native plugins for Editor in 0.00 ms.
Invoked RoslynAnalysisRunner static constructor.
RoslynAnalysisRunner will not be running.
RoslynAnalysisRunner has terminated.
Mono: successfully reloaded assembly
- Completed reload, in  0.878 seconds
Platform modules already initialized, skipping
Refreshing native plugins compatible for Editor in 0.28 ms, found 0 plugins.
Preloading 0 native plugins for Editor in 0.00 ms.
Unloading 1559 Unused Serialized files (Serialized files now loaded: 0)
System memory in use before: 115.8 MB.
System memory in use after: 115.8 MB.

Unloading 8 unused Assets to reduce memory usage. Loaded Objects now: 2088.
Total: 2.021600 ms (FindLiveObjects: 0.168700 ms CreateObjectMapping: 0.050900 ms MarkObjects: 1.608100 ms  DeleteObjects: 0.193400 ms)

========================================================================
Received Prepare
Registering precompiled user dll's ...
Registered in 0.000607 seconds.
Begin MonoManager ReloadAssembly
Native extension for WindowsStandalone target not found
Refreshing native plugins compatible for Editor in 0.27 ms, found 0 plugins.
Preloading 0 native plugins for Editor in 0.00 ms.
Invoked RoslynAnalysisRunner static constructor.
RoslynAnalysisRunner will not be running.
RoslynAnalysisRunner has terminated.
Mono: successfully reloaded assembly
- Completed reload, in  0.888 seconds
Platform modules already initialized, skipping
Refreshing native plugins compatible for Editor in 0.30 ms, found 0 plugins.
Preloading 0 native plugins for Editor in 0.00 ms.
Unloading 1559 Unused Serialized files (Serialized files now loaded: 0)
System memory in use before: 115.9 MB.
System memory in use after: 115.8 MB.

Unloading 8 unused Assets to reduce memory usage. Loaded Objects now: 2091.
Total: 1.928700 ms (FindLiveObjects: 0.193000 ms CreateObjectMapping: 0.053900 ms MarkObjects: 1.491100 ms  DeleteObjects: 0.189400 ms)

========================================================================
Received Import Request.
  Time since last request: 3163.535297 seconds.
  path: Assets/input setting/imput controleer.inputactions
  artifactKey: Guid(cb12346c641070e4693c544ef906e033) Importer(815301076,1909f56bfc062723c751e8b465ee728b)
Start importing Assets/input setting/imput controleer.inputactions using Guid(cb12346c641070e4693c544ef906e033) Importer(815301076,1909f56bfc062723c751e8b465ee728b)  -> (artifact id: '7a80d0c87727a1a8e995658ddf68683e') in 0.015923 seconds
  Import took 0.018395 seconds .

========================================================================
Received Import Request.
  Time since last request: 0.000766 seconds.
  path: Assets/input setting/imput controleer.inputactions
  artifactKey: Guid(cb12346c641070e4693c544ef906e033) Importer(815301076,1909f56bfc062723c751e8b465ee728b)
Start importing Assets/input setting/imput controleer.inputactions using Guid(cb12346c641070e4693c544ef906e033) Importer(815301076,1909f56bfc062723c751e8b465ee728b)  -> (artifact id: '7a80d0c87727a1a8e995658ddf68683e') in 0.003313 seconds
  Import took 0.005775 seconds .

========================================================================
Received Prepare
Registering precompiled user dll's ...
Registered in 0.000992 seconds.
Begin MonoManager ReloadAssembly
Native extension for WindowsStandalone target not found
Refreshing native plugins compatible for Editor in 0.28 ms, found 0 plugins.
Preloading 0 native plugins for Editor in 0.00 ms.
Invoked RoslynAnalysisRunner static constructor.
RoslynAnalysisRunner will not be running.
RoslynAnalysisRunner has terminated.
Mono: successfully reloaded assembly
- Completed reload, in  0.873 seconds
Platform modules already initialized, skipping
Refreshing native plugins compatible for Editor in 0.28 ms, found 0 plugins.
Preloading 0 native plugins for Editor in 0.00 ms.
Unloading 1559 Unused Serialized files (Serialized files now loaded: 0)
System memory in use before: 115.9 MB.
System memory in use after: 115.8 MB.

Unloading 8 unused Assets to reduce memory usage. Loaded Objects now: 2094.
Total: 1.879000 ms (FindLiveObjects: 0.159100 ms CreateObjectMapping: 0.044800 ms MarkObjects: 1.519300 ms  DeleteObjects: 0.155300 ms)

========================================================================
Received Import Request.
  Time since last request: 83.560557 seconds.
  path: Assets/Nscript/playercontroller.cs
  artifactKey: Guid(969d2cb8e26c7fb43836c5d641a1041d) Importer(815301076,1909f56bfc062723c751e8b465ee728b)
Start importing Assets/Nscript/playercontroller.cs using Guid(969d2cb8e26c7fb43836c5d641a1041d) Importer(815301076,1909f56bfc062723c751e8b465ee728b)  -> (artifact id: '1a87dc992e8065613eeb15837b4ee990') in 0.004100 seconds
  Import took 0.006626 seconds .

========================================================================
Received Import Request.
  Time since last request: 0.021170 seconds.
  path: Assets/Nscript/playercontroller.cs
  artifactKey: Guid(969d2cb8e26c7fb43836c5d641a1041d) Importer(815301076,1909f56bfc062723c751e8b465ee728b)
Start importing Assets/Nscript/playercontroller.cs using Guid(969d2cb8e26c7fb43836c5d641a1041d) Importer(815301076,1909f56bfc062723c751e8b465ee728b)  -> (artifact id: '1a87dc992e8065613eeb15837b4ee990') in 0.001878 seconds
  Import took 0.004329 seconds .

========================================================================
Received Prepare
Registering precompiled user dll's ...
Registered in 0.000565 seconds.
Begin MonoManager ReloadAssembly
Native extension for WindowsStandalone target not found
Refreshing native plugins compatible for Editor in 0.30 ms, found 0 plugins.
Preloading 0 native plugins for Editor in 0.00 ms.
Invoked RoslynAnalysisRunner static constructor.
RoslynAnalysisRunner will not be running.
RoslynAnalysisRunner has terminated.
Mono: successfully reloaded assembly
- Completed reload, in  0.859 seconds
Platform modules already initialized, skipping
Refreshing native plugins compatible for Editor in 0.28 ms, found 0 plugins.
Preloading 0 native plugins for Editor in 0.00 ms.
Unloading 1559 Unused Serialized files (Serialized files now loaded: 0)
System memory in use before: 115.9 MB.
System memory in use after: 115.8 MB.

Unloading 8 unused Assets to reduce memory usage. Loaded Objects now: 2097.
Total: 2.038500 ms (FindLiveObjects: 0.162700 ms CreateObjectMapping: 0.043100 ms MarkObjects: 1.671000 ms  DeleteObjects: 0.160900 ms)

========================================================================
Received Prepare
Registering precompiled user dll's ...
Registered in 0.000526 seconds.
Begin MonoManager ReloadAssembly
Native extension for WindowsStandalone target not found
Refreshing native plugins compatible for Editor in 0.28 ms, found 0 plugins.
Preloading 0 native plugins for Editor in 0.00 ms.
Invoked RoslynAnalysisRunner static constructor.
RoslynAnalysisRunner will not be running.
RoslynAnalysisRunner has terminated.
Mono: successfully reloaded assembly
- Completed reload, in  0.867 seconds
Platform modules already initialized, skipping
Refreshing native plugins compatible for Editor in 0.29 ms, found 0 plugins.
Preloading 0 native plugins for Editor in 0.00 ms.
Unloading 1559 Unused Serialized files (Serialized files now loaded: 0)
System memory in use before: 115.9 MB.
System memory in use after: 115.8 MB.

Unloading 8 unused Assets to reduce memory usage. Loaded Objects now: 2100.
Total: 1.775700 ms (FindLiveObjects: 0.167100 ms CreateObjectMapping: 0.056500 ms MarkObjects: 1.395700 ms  DeleteObjects: 0.155800 ms)

========================================================================
Received Prepare
Registering precompiled user dll's ...
Registered in 0.000544 seconds.
Begin MonoManager ReloadAssembly
Native extension for WindowsStandalone target not found
Refreshing native plugins compatible for Editor in 0.28 ms, found 0 plugins.
Preloading 0 native plugins for Editor in 0.00 ms.
Invoked RoslynAnalysisRunner static constructor.
RoslynAnalysisRunner will not be running.
RoslynAnalysisRunner has terminated.
Mono: successfully reloaded assembly
- Completed reload, in  0.873 seconds
Platform modules already initialized, skipping
Refreshing native plugins compatible for Editor in 0.31 ms, found 0 plugins.
Preloading 0 native plugins for Editor in 0.00 ms.
Unloading 1559 Unused Serialized files (Serialized files now loaded: 0)
System memory in use before: 115.9 MB.
System memory in use after: 115.8 MB.

Unloading 8 unused Assets to reduce memory usage. Loaded Objects now: 2103.
Total: 1.896100 ms (FindLiveObjects: 0.164400 ms CreateObjectMapping: 0.049500 ms MarkObjects: 1.520700 ms  DeleteObjects: 0.160700 ms)

========================================================================
Received Prepare
Registering precompiled user dll's ...
Registered in 0.000550 seconds.
Begin MonoManager ReloadAssembly
Native extension for WindowsStandalone target not found
Refreshing native plugins compatible for Editor in 0.28 ms, found 0 plugins.
Preloading 0 native plugins for Editor in 0.00 ms.
Invoked RoslynAnalysisRunner static constructor.
RoslynAnalysisRunner will not be running.
RoslynAnalysisRunner has terminated.
Mono: successfully reloaded assembly
- Completed reload, in  0.873 seconds
Platform modules already initialized, skipping
Refreshing native plugins compatible for Editor in 0.28 ms, found 0 plugins.
Preloading 0 native plugins for Editor in 0.00 ms.
Unloading 1559 Unused Serialized files (Serialized files now loaded: 0)
System memory in use before: 115.9 MB.
System memory in use after: 115.8 MB.

Unloading 8 unused Assets to reduce memory usage. Loaded Objects now: 2106.
Total: 1.856600 ms (FindLiveObjects: 0.184300 ms CreateObjectMapping: 0.049100 ms MarkObjects: 1.457600 ms  DeleteObjects: 0.164600 ms)

========================================================================
Received Prepare
Registering precompiled user dll's ...
Registered in 0.000747 seconds.
Begin MonoManager ReloadAssembly
Native extension for WindowsStandalone target not found
Refreshing native plugins compatible for Editor in 0.30 ms, found 0 plugins.
Preloading 0 native plugins for Editor in 0.00 ms.
Invalid AssetDatabase path: /Editor/EditorResources/cm_logo_sm.png. Use path relative to the project folder.
UnityEngine.StackTraceUtility:ExtractStackTrace ()
UnityEditor.AssetDatabase:LoadAssetAtPath<UnityEngine.Texture2D> (string)
Cinemachine.Editor.CinemachineSettings:get_CinemachineLogoTexture () (at Library/PackageCache/com.unity.cinemachine@2.6.11/Editor/Windows/CinemachineSettings.cs:205)
Cinemachine.Editor.CinemachineSettings:.cctor () (at Library/PackageCache/com.unity.cinemachine@2.6.11/Editor/Windows/CinemachineSettings.cs:237)
Cinemachine.CinemachineColliderPrefs:.cctor () (at Library/PackageCache/com.unity.cinemachine@2.6.11/Editor/Windows/CinemachineColliderPrefs.cs:61)
System.Runtime.CompilerServices.RuntimeHelpers:RunClassConstructor (System.RuntimeTypeHandle)
UnityEditor.EditorAssemblies:ProcessInitializeOnLoadAttributes (System.Type[])

[Library/PackageCache/com.unity.cinemachine@2.6.11/Editor/Windows/CinemachineSettings.cs line 205]

Invoked RoslynAnalysisRunner static constructor.
RoslynAnalysisRunner will not be running.
RoslynAnalysisRunner has terminated.
Mono: successfully reloaded assembly
- Completed reload, in  0.940 seconds
Platform modules already initialized, skipping
Refreshing native plugins compatible for Editor in 0.31 ms, found 0 plugins.
Preloading 0 native plugins for Editor in 0.00 ms.
Unloading 1706 Unused Serialized files (Serialized files now loaded: 0)
System memory in use before: 120.9 MB.
System memory in use after: 120.8 MB.

Unloading 9 unused Assets to reduce memory usage. Loaded Objects now: 2255.
Total: 2.330100 ms (FindLiveObjects: 0.308700 ms CreateObjectMapping: 0.065800 ms MarkObjects: 1.790500 ms  DeleteObjects: 0.159100 ms)

========================================================================
Received Prepare
Registering precompiled user dll's ...
Registered in 0.000613 seconds.
Begin MonoManager ReloadAssembly
Native extension for WindowsStandalone target not found
Refreshing native plugins compatible for Editor in 0.29 ms, found 0 plugins.
Preloading 0 native plugins for Editor in 0.00 ms.
Invoked RoslynAnalysisRunner static constructor.
RoslynAnalysisRunner will not be running.
RoslynAnalysisRunner has terminated.
Mono: successfully reloaded assembly
- Completed reload, in  0.900 seconds
Platform modules already initialized, skipping
Refreshing native plugins compatible for Editor in 0.30 ms, found 0 plugins.
Preloading 0 native plugins for Editor in 0.00 ms.
Unloading 1707 Unused Serialized files (Serialized files now loaded: 0)
System memory in use before: 121.1 MB.
System memory in use after: 121.0 MB.

Unloading 10 unused Assets to reduce memory usage. Loaded Objects now: 2259.
Total: 1.756100 ms (FindLiveObjects: 0.162300 ms CreateObjectMapping: 0.057400 ms MarkObjects: 1.375100 ms  DeleteObjects: 0.160600 ms)

========================================================================
Received Prepare
Registering precompiled user dll's ...
Registered in 0.000614 seconds.
Begin MonoManager ReloadAssembly
Native extension for WindowsStandalone target not found
Refreshing native plugins compatible for Editor in 0.30 ms, found 0 plugins.
Preloading 0 native plugins for Editor in 0.00 ms.
Invoked RoslynAnalysisRunner static constructor.
RoslynAnalysisRunner will not be running.
RoslynAnalysisRunner has terminated.
Mono: successfully reloaded assembly
- Completed reload, in  0.900 seconds
Platform modules already initialized, skipping
Refreshing native plugins compatible for Editor in 0.30 ms, found 0 plugins.
Preloading 0 native plugins for Editor in 0.00 ms.
Unloading 1706 Unused Serialized files (Serialized files now loaded: 0)
System memory in use before: 121.1 MB.
System memory in use after: 121.0 MB.

Unloading 10 unused Assets to reduce memory usage. Loaded Objects now: 2262.
Total: 1.960500 ms (FindLiveObjects: 0.179200 ms CreateObjectMapping: 0.057800 ms MarkObjects: 1.547200 ms  DeleteObjects: 0.175500 ms)

========================================================================
Received Prepare
Registering precompiled user dll's ...
Registered in 0.000616 seconds.
Begin MonoManager ReloadAssembly
Native extension for WindowsStandalone target not found
Refreshing native plugins compatible for Editor in 0.34 ms, found 0 plugins.
Preloading 0 native plugins for Editor in 0.00 ms.
Invoked RoslynAnalysisRunner static constructor.
RoslynAnalysisRunner will not be running.
RoslynAnalysisRunner has terminated.
Mono: successfully reloaded assembly
- Completed reload, in  0.902 seconds
Platform modules already initialized, skipping
Refreshing native plugins compatible for Editor in 0.30 ms, found 0 plugins.
Preloading 0 native plugins for Editor in 0.00 ms.
Unloading 1706 Unused Serialized files (Serialized files now loaded: 0)
System memory in use before: 121.1 MB.
System memory in use after: 121.0 MB.

Unloading 10 unused Assets to reduce memory usage. Loaded Objects now: 2265.
Total: 1.873800 ms (FindLiveObjects: 0.172500 ms CreateObjectMapping: 0.061800 ms MarkObjects: 1.481600 ms  DeleteObjects: 0.157000 ms)

========================================================================
Received Prepare
Registering precompiled user dll's ...
Registered in 0.000555 seconds.
Begin MonoManager ReloadAssembly
Native extension for WindowsStandalone target not found
Refreshing native plugins compatible for Editor in 0.31 ms, found 0 plugins.
Preloading 0 native plugins for Editor in 0.00 ms.
Invoked RoslynAnalysisRunner static constructor.
RoslynAnalysisRunner will not be running.
RoslynAnalysisRunner has terminated.
Mono: successfully reloaded assembly
- Completed reload, in  0.899 seconds
Platform modules already initialized, skipping
Refreshing native plugins compatible for Editor in 0.30 ms, found 0 plugins.
Preloading 0 native plugins for Editor in 0.00 ms.
Unloading 1706 Unused Serialized files (Serialized files now loaded: 0)
System memory in use before: 121.1 MB.
System memory in use after: 121.0 MB.

Unloading 10 unused Assets to reduce memory usage. Loaded Objects now: 2268.
Total: 2.005600 ms (FindLiveObjects: 0.191400 ms CreateObjectMapping: 0.056800 ms MarkObjects: 1.554800 ms  DeleteObjects: 0.202000 ms)

========================================================================
Received Prepare
Registering precompiled user dll's ...
Registered in 0.000552 seconds.
Begin MonoManager ReloadAssembly
Native extension for WindowsStandalone target not found
Refreshing native plugins compatible for Editor in 0.29 ms, found 0 plugins.
Preloading 0 native plugins for Editor in 0.00 ms.
Invoked RoslynAnalysisRunner static constructor.
RoslynAnalysisRunner will not be running.
RoslynAnalysisRunner has terminated.
Mono: successfully reloaded assembly
- Completed reload, in  0.904 seconds
Platform modules already initialized, skipping
Refreshing native plugins compatible for Editor in 0.30 ms, found 0 plugins.
Preloading 0 native plugins for Editor in 0.00 ms.
Unloading 1706 Unused Serialized files (Serialized files now loaded: 0)
System memory in use before: 121.1 MB.
System memory in use after: 121.0 MB.

Unloading 10 unused Assets to reduce memory usage. Loaded Objects now: 2271.
Total: 2.042100 ms (FindLiveObjects: 0.160100 ms CreateObjectMapping: 0.050200 ms MarkObjects: 1.634200 ms  DeleteObjects: 0.197000 ms)

========================================================================
Received Prepare
Registering precompiled user dll's ...
Registered in 0.000641 seconds.
Begin MonoManager ReloadAssembly
Native extension for WindowsStandalone target not found
Refreshing native plugins compatible for Editor in 0.29 ms, found 0 plugins.
Preloading 0 native plugins for Editor in 0.00 ms.
Invoked RoslynAnalysisRunner static constructor.
RoslynAnalysisRunner will not be running.
RoslynAnalysisRunner has terminated.
Mono: successfully reloaded assembly
- Completed reload, in  0.905 seconds
Platform modules already initialized, skipping
Refreshing native plugins compatible for Editor in 0.29 ms, found 0 plugins.
Preloading 0 native plugins for Editor in 0.00 ms.
Unloading 1706 Unused Serialized files (Serialized files now loaded: 0)
System memory in use before: 121.1 MB.
System memory in use after: 121.0 MB.

Unloading 10 unused Assets to reduce memory usage. Loaded Objects now: 2274.
Total: 1.993700 ms (FindLiveObjects: 0.169300 ms CreateObjectMapping: 0.052400 ms MarkObjects: 1.602500 ms  DeleteObjects: 0.168800 ms)

========================================================================
Received Prepare
Registering precompiled user dll's ...
Registered in 0.000577 seconds.
Begin MonoManager ReloadAssembly
Native extension for WindowsStandalone target not found
Refreshing native plugins compatible for Editor in 0.30 ms, found 0 plugins.
Preloading 0 native plugins for Editor in 0.00 ms.
Invoked RoslynAnalysisRunner static constructor.
RoslynAnalysisRunner will not be running.
RoslynAnalysisRunner has terminated.
Mono: successfully reloaded assembly
- Completed reload, in  0.899 seconds
Platform modules already initialized, skipping
Refreshing native plugins compatible for Editor in 0.30 ms, found 0 plugins.
Preloading 0 native plugins for Editor in 0.00 ms.
Unloading 1706 Unused Serialized files (Serialized files now loaded: 0)
System memory in use before: 121.1 MB.
System memory in use after: 121.0 MB.

Unloading 10 unused Assets to reduce memory usage. Loaded Objects now: 2277.
Total: 1.883100 ms (FindLiveObjects: 0.169000 ms CreateObjectMapping: 0.048500 ms MarkObjects: 1.503400 ms  DeleteObjects: 0.161300 ms)

========================================================================
Received Prepare
Registering precompiled user dll's ...
Registered in 0.000584 seconds.
Begin MonoManager ReloadAssembly
Native extension for WindowsStandalone target not found
Refreshing native plugins compatible for Editor in 0.30 ms, found 0 plugins.
Preloading 0 native plugins for Editor in 0.00 ms.
Invoked RoslynAnalysisRunner static constructor.
RoslynAnalysisRunner will not be running.
RoslynAnalysisRunner has terminated.
Mono: successfully reloaded assembly
- Completed reload, in  0.897 seconds
Platform modules already initialized, skipping
Refreshing native plugins compatible for Editor in 0.31 ms, found 0 plugins.
Preloading 0 native plugins for Editor in 0.00 ms.
Unloading 1706 Unused Serialized files (Serialized files now loaded: 0)
System memory in use before: 121.1 MB.
System memory in use after: 121.0 MB.

Unloading 10 unused Assets to reduce memory usage. Loaded Objects now: 2280.
Total: 1.975300 ms (FindLiveObjects: 0.205900 ms CreateObjectMapping: 0.058900 ms MarkObjects: 1.508700 ms  DeleteObjects: 0.201000 ms)

========================================================================
Received Prepare
Registering precompiled user dll's ...
Registered in 0.000578 seconds.
Begin MonoManager ReloadAssembly
Native extension for WindowsStandalone target not found
Refreshing native plugins compatible for Editor in 0.30 ms, found 0 plugins.
Preloading 0 native plugins for Editor in 0.00 ms.
Invoked RoslynAnalysisRunner static constructor.
RoslynAnalysisRunner will not be running.
RoslynAnalysisRunner has terminated.
Mono: successfully reloaded assembly
- Completed reload, in  0.910 seconds
Platform modules already initialized, skipping
Refreshing native plugins compatible for Editor in 0.30 ms, found 0 plugins.
Preloading 0 native plugins for Editor in 0.00 ms.
Unloading 1706 Unused Serialized files (Serialized files now loaded: 0)
System memory in use before: 121.1 MB.
System memory in use after: 121.0 MB.

Unloading 10 unused Assets to reduce memory usage. Loaded Objects now: 2283.
Total: 2.721500 ms (FindLiveObjects: 0.212100 ms CreateObjectMapping: 0.070400 ms MarkObjects: 2.257100 ms  DeleteObjects: 0.180800 ms)

========================================================================
Received Import Request.
  Time since last request: 4116.533976 seconds.
  path: Assets/Personajes/Hombre/HOMBRE.controller
  artifactKey: Guid(f68b0e95c4c1d66418cc39f38e2be640) Importer(815301076,1909f56bfc062723c751e8b465ee728b)
Start importing Assets/Personajes/Hombre/HOMBRE.controller using Guid(f68b0e95c4c1d66418cc39f38e2be640) Importer(815301076,1909f56bfc062723c751e8b465ee728b)  -> (artifact id: '8142f8941188dff996508191b419c58e') in 0.024081 seconds
  Import took 0.027595 seconds .

========================================================================
Received Prepare
Registering precompiled user dll's ...
Registered in 0.000600 seconds.
Begin MonoManager ReloadAssembly
Native extension for WindowsStandalone target not found
Refreshing native plugins compatible for Editor in 0.30 ms, found 0 plugins.
Preloading 0 native plugins for Editor in 0.00 ms.
Invoked RoslynAnalysisRunner static constructor.
RoslynAnalysisRunner will not be running.
RoslynAnalysisRunner has terminated.
Mono: successfully reloaded assembly
- Completed reload, in  0.913 seconds
Platform modules already initialized, skipping
Refreshing native plugins compatible for Editor in 0.29 ms, found 0 plugins.
Preloading 0 native plugins for Editor in 0.00 ms.
Unloading 1706 Unused Serialized files (Serialized files now loaded: 0)
System memory in use before: 121.1 MB.
System memory in use after: 121.0 MB.

Unloading 10 unused Assets to reduce memory usage. Loaded Objects now: 2286.
Total: 2.040600 ms (FindLiveObjects: 0.170300 ms CreateObjectMapping: 0.050600 ms MarkObjects: 1.653400 ms  DeleteObjects: 0.165600 ms)

========================================================================
Received Prepare
Registering precompiled user dll's ...
Registered in 0.000605 seconds.
Begin MonoManager ReloadAssembly
Native extension for WindowsStandalone target not found
Refreshing native plugins compatible for Editor in 0.29 ms, found 0 plugins.
Preloading 0 native plugins for Editor in 0.00 ms.
Invoked RoslynAnalysisRunner static constructor.
RoslynAnalysisRunner will not be running.
RoslynAnalysisRunner has terminated.
Mono: successfully reloaded assembly
- Completed reload, in  0.893 seconds
Platform modules already initialized, skipping
Refreshing native plugins compatible for Editor in 0.30 ms, found 0 plugins.
Preloading 0 native plugins for Editor in 0.00 ms.
Unloading 1706 Unused Serialized files (Serialized files now loaded: 0)
System memory in use before: 121.1 MB.
System memory in use after: 121.1 MB.

Unloading 10 unused Assets to reduce memory usage. Loaded Objects now: 2289.
Total: 2.711500 ms (FindLiveObjects: 0.216100 ms CreateObjectMapping: 0.072600 ms MarkObjects: 2.198800 ms  DeleteObjects: 0.223000 ms)

========================================================================
Received Prepare
Registering precompiled user dll's ...
Registered in 0.000557 seconds.
Begin MonoManager ReloadAssembly
Native extension for WindowsStandalone target not found
Refreshing native plugins compatible for Editor in 0.30 ms, found 0 plugins.
Preloading 0 native plugins for Editor in 0.00 ms.
Invoked RoslynAnalysisRunner static constructor.
RoslynAnalysisRunner will not be running.
RoslynAnalysisRunner has terminated.
Mono: successfully reloaded assembly
- Completed reload, in  0.936 seconds
Platform modules already initialized, skipping
Refreshing native plugins compatible for Editor in 0.32 ms, found 0 plugins.
Preloading 0 native plugins for Editor in 0.00 ms.
Unloading 1706 Unused Serialized files (Serialized files now loaded: 0)
System memory in use before: 121.1 MB.
System memory in use after: 121.1 MB.

Unloading 10 unused Assets to reduce memory usage. Loaded Objects now: 2292.
Total: 2.056600 ms (FindLiveObjects: 0.219100 ms CreateObjectMapping: 0.080600 ms MarkObjects: 1.573800 ms  DeleteObjects: 0.182200 ms)

========================================================================
Received Prepare
Registering precompiled user dll's ...
Registered in 0.000581 seconds.
Begin MonoManager ReloadAssembly
Native extension for WindowsStandalone target not found
Refreshing native plugins compatible for Editor in 0.33 ms, found 0 plugins.
Preloading 0 native plugins for Editor in 0.00 ms.
Invoked RoslynAnalysisRunner static constructor.
RoslynAnalysisRunner will not be running.
RoslynAnalysisRunner has terminated.
Mono: successfully reloaded assembly
- Completed reload, in  0.899 seconds
Platform modules already initialized, skipping
Refreshing native plugins compatible for Editor in 0.30 ms, found 0 plugins.
Preloading 0 native plugins for Editor in 0.00 ms.
Unloading 1706 Unused Serialized files (Serialized files now loaded: 0)
System memory in use before: 121.2 MB.
System memory in use after: 121.1 MB.

Unloading 10 unused Assets to reduce memory usage. Loaded Objects now: 2295.
Total: 2.266200 ms (FindLiveObjects: 0.250000 ms CreateObjectMapping: 0.089900 ms MarkObjects: 1.752000 ms  DeleteObjects: 0.173500 ms)

========================================================================
Received Prepare
Registering precompiled user dll's ...
Registered in 0.000540 seconds.
Begin MonoManager ReloadAssembly
Native extension for WindowsStandalone target not found
Refreshing native plugins compatible for Editor in 0.30 ms, found 0 plugins.
Preloading 0 native plugins for Editor in 0.00 ms.
Invoked RoslynAnalysisRunner static constructor.
RoslynAnalysisRunner will not be running.
RoslynAnalysisRunner has terminated.
Mono: successfully reloaded assembly
- Completed reload, in  0.900 seconds
Platform modules already initialized, skipping
Refreshing native plugins compatible for Editor in 0.30 ms, found 0 plugins.
Preloading 0 native plugins for Editor in 0.00 ms.
Unloading 1706 Unused Serialized files (Serialized files now loaded: 0)
System memory in use before: 121.2 MB.
System memory in use after: 121.1 MB.

Unloading 10 unused Assets to reduce memory usage. Loaded Objects now: 2298.
Total: 2.009500 ms (FindLiveObjects: 0.174900 ms CreateObjectMapping: 0.056800 ms MarkObjects: 1.619600 ms  DeleteObjects: 0.157400 ms)

========================================================================
Received Prepare
Registering precompiled user dll's ...
Registered in 0.000723 seconds.
Begin MonoManager ReloadAssembly
Native extension for WindowsStandalone target not found
Refreshing native plugins compatible for Editor in 0.30 ms, found 0 plugins.
Preloading 0 native plugins for Editor in 0.00 ms.
Invoked RoslynAnalysisRunner static constructor.
RoslynAnalysisRunner will not be running.
RoslynAnalysisRunner has terminated.
Mono: successfully reloaded assembly
- Completed reload, in  0.878 seconds
Platform modules already initialized, skipping
Refreshing native plugins compatible for Editor in 0.31 ms, found 0 plugins.
Preloading 0 native plugins for Editor in 0.00 ms.
Unloading 1706 Unused Serialized files (Serialized files now loaded: 0)
System memory in use before: 121.2 MB.
System memory in use after: 121.1 MB.

Unloading 10 unused Assets to reduce memory usage. Loaded Objects now: 2301.
Total: 2.135400 ms (FindLiveObjects: 0.187100 ms CreateObjectMapping: 0.058900 ms MarkObjects: 1.683000 ms  DeleteObjects: 0.205900 ms)

========================================================================
Received Prepare
Registering precompiled user dll's ...
Registered in 0.000553 seconds.
Begin MonoManager ReloadAssembly
Native extension for WindowsStandalone target not found
Refreshing native plugins compatible for Editor in 0.30 ms, found 0 plugins.
Preloading 0 native plugins for Editor in 0.00 ms.
Invoked RoslynAnalysisRunner static constructor.
RoslynAnalysisRunner will not be running.
RoslynAnalysisRunner has terminated.
Mono: successfully reloaded assembly
- Completed reload, in  0.898 seconds
Platform modules already initialized, skipping
Refreshing native plugins compatible for Editor in 0.30 ms, found 0 plugins.
Preloading 0 native plugins for Editor in 0.00 ms.
Unloading 1706 Unused Serialized files (Serialized files now loaded: 0)
System memory in use before: 121.2 MB.
System memory in use after: 121.1 MB.

Unloading 10 unused Assets to reduce memory usage. Loaded Objects now: 2304.
Total: 1.927800 ms (FindLiveObjects: 0.237700 ms CreateObjectMapping: 0.072700 ms MarkObjects: 1.451200 ms  DeleteObjects: 0.165400 ms)

========================================================================
Received Prepare
Registering precompiled user dll's ...
Registered in 0.000624 seconds.
Begin MonoManager ReloadAssembly
Native extension for WindowsStandalone target not found
Refreshing native plugins compatible for Editor in 0.29 ms, found 0 plugins.
Preloading 0 native plugins for Editor in 0.00 ms.
Invoked RoslynAnalysisRunner static constructor.
RoslynAnalysisRunner will not be running.
RoslynAnalysisRunner has terminated.
Mono: successfully reloaded assembly
- Completed reload, in  0.902 seconds
Platform modules already initialized, skipping
Refreshing native plugins compatible for Editor in 0.30 ms, found 0 plugins.
Preloading 0 native plugins for Editor in 0.00 ms.
Unloading 1706 Unused Serialized files (Serialized files now loaded: 0)
System memory in use before: 121.2 MB.
System memory in use after: 121.1 MB.

Unloading 10 unused Assets to reduce memory usage. Loaded Objects now: 2307.
Total: 2.388900 ms (FindLiveObjects: 0.310700 ms CreateObjectMapping: 0.089200 ms MarkObjects: 1.780500 ms  DeleteObjects: 0.207800 ms)

========================================================================
Received Prepare
Registering precompiled user dll's ...
Registered in 0.000586 seconds.
Begin MonoManager ReloadAssembly
Native extension for WindowsStandalone target not found
Refreshing native plugins compatible for Editor in 0.29 ms, found 0 plugins.
Preloading 0 native plugins for Editor in 0.00 ms.
Invoked RoslynAnalysisRunner static constructor.
RoslynAnalysisRunner will not be running.
RoslynAnalysisRunner has terminated.
Mono: successfully reloaded assembly
- Completed reload, in  0.908 seconds
Platform modules already initialized, skipping
Refreshing native plugins compatible for Editor in 0.30 ms, found 0 plugins.
Preloading 0 native plugins for Editor in 0.00 ms.
Unloading 1706 Unused Serialized files (Serialized files now loaded: 0)
System memory in use before: 121.2 MB.
System memory in use after: 121.1 MB.

Unloading 10 unused Assets to reduce memory usage. Loaded Objects now: 2310.
Total: 2.034900 ms (FindLiveObjects: 0.192200 ms CreateObjectMapping: 0.075200 ms MarkObjects: 1.597600 ms  DeleteObjects: 0.169100 ms)

========================================================================
Received Prepare
Registering precompiled user dll's ...
Registered in 0.000721 seconds.
Begin MonoManager ReloadAssembly
Native extension for WindowsStandalone target not found
Refreshing native plugins compatible for Editor in 0.30 ms, found 0 plugins.
Preloading 0 native plugins for Editor in 0.00 ms.
Invoked RoslynAnalysisRunner static constructor.
RoslynAnalysisRunner will not be running.
RoslynAnalysisRunner has terminated.
Mono: successfully reloaded assembly
- Completed reload, in  0.920 seconds
Platform modules already initialized, skipping
Refreshing native plugins compatible for Editor in 0.29 ms, found 0 plugins.
Preloading 0 native plugins for Editor in 0.00 ms.
Unloading 1706 Unused Serialized files (Serialized files now loaded: 0)
System memory in use before: 121.2 MB.
System memory in use after: 121.1 MB.

Unloading 10 unused Assets to reduce memory usage. Loaded Objects now: 2313.
Total: 6.419800 ms (FindLiveObjects: 0.498500 ms CreateObjectMapping: 0.245700 ms MarkObjects: 5.222200 ms  DeleteObjects: 0.451000 ms)

========================================================================
Received Import Request.
  Time since last request: 1800.136109 seconds.
  path: Assets/Personajes/Hombre/Animaciones/survivor@Run_1.fbx
  artifactKey: Guid(a23c03a157097744181c142f89b2e938) Importer(815301076,1909f56bfc062723c751e8b465ee728b)
Start importing Assets/Personajes/Hombre/Animaciones/survivor@Run_1.fbx using Guid(a23c03a157097744181c142f89b2e938) Importer(815301076,1909f56bfc062723c751e8b465ee728b)  -> (artifact id: 'b9a8ce3dc138987a94d9822b46fe9dc4') in 0.027982 seconds
  Import took 0.032303 seconds .

========================================================================
Received Prepare
Registering precompiled user dll's ...
Registered in 0.000517 seconds.
Begin MonoManager ReloadAssembly
Native extension for WindowsStandalone target not found
Refreshing native plugins compatible for Editor in 0.29 ms, found 0 plugins.
Preloading 0 native plugins for Editor in 0.00 ms.
Invoked RoslynAnalysisRunner static constructor.
RoslynAnalysisRunner will not be running.
RoslynAnalysisRunner has terminated.
Mono: successfully reloaded assembly
- Completed reload, in  0.892 seconds
Platform modules already initialized, skipping
Refreshing native plugins compatible for Editor in 0.30 ms, found 0 plugins.
Preloading 0 native plugins for Editor in 0.00 ms.
Unloading 1706 Unused Serialized files (Serialized files now loaded: 0)
System memory in use before: 121.2 MB.
System memory in use after: 121.1 MB.

Unloading 10 unused Assets to reduce memory usage. Loaded Objects now: 2316.
Total: 2.043700 ms (FindLiveObjects: 0.189900 ms CreateObjectMapping: 0.054600 ms MarkObjects: 1.625400 ms  DeleteObjects: 0.173100 ms)

